<?xml version="1.0" encoding="UTF-8"?>
<testsuite name="com.roadking.congress.service.CongressServiceTest" tests="1" skipped="0" failures="0" errors="0" timestamp="2022-12-21T03:09:02" hostname="noOne-MacBookAir.local" time="0.783">
  <properties/>
  <testcase name="뷰_카운트()" classname="com.roadking.congress.service.CongressServiceTest" time="0.783"/>
  <system-out><![CDATA[12:08:52.229 [Test worker] DEBUG org.springframework.test.context.BootstrapUtils - Instantiating CacheAwareContextLoaderDelegate from class [org.springframework.test.context.cache.DefaultCacheAwareContextLoaderDelegate]
12:08:52.247 [Test worker] DEBUG org.springframework.test.context.BootstrapUtils - Instantiating BootstrapContext using constructor [public org.springframework.test.context.support.DefaultBootstrapContext(java.lang.Class,org.springframework.test.context.CacheAwareContextLoaderDelegate)]
12:08:52.322 [Test worker] DEBUG org.springframework.test.context.BootstrapUtils - Instantiating TestContextBootstrapper for test class [com.roadking.congress.service.CongressServiceTest] from class [org.springframework.boot.test.context.SpringBootTestContextBootstrapper]
12:08:52.345 [Test worker] INFO org.springframework.boot.test.context.SpringBootTestContextBootstrapper - Neither @ContextConfiguration nor @ContextHierarchy found for test class [com.roadking.congress.service.CongressServiceTest], using SpringBootContextLoader
12:08:52.350 [Test worker] DEBUG org.springframework.test.context.support.AbstractContextLoader - Did not detect default resource location for test class [com.roadking.congress.service.CongressServiceTest]: class path resource [com/roadking/congress/service/CongressServiceTest-context.xml] does not exist
12:08:52.351 [Test worker] DEBUG org.springframework.test.context.support.AbstractContextLoader - Did not detect default resource location for test class [com.roadking.congress.service.CongressServiceTest]: class path resource [com/roadking/congress/service/CongressServiceTestContext.groovy] does not exist
12:08:52.351 [Test worker] INFO org.springframework.test.context.support.AbstractContextLoader - Could not detect default resource locations for test class [com.roadking.congress.service.CongressServiceTest]: no resource found for suffixes {-context.xml, Context.groovy}.
12:08:52.352 [Test worker] INFO org.springframework.test.context.support.AnnotationConfigContextLoaderUtils - Could not detect default configuration classes for test class [com.roadking.congress.service.CongressServiceTest]: CongressServiceTest does not declare any static, non-private, non-final, nested classes annotated with @Configuration.
12:08:52.434 [Test worker] DEBUG org.springframework.test.context.support.ActiveProfilesUtils - Could not find an 'annotation declaring class' for annotation type [org.springframework.test.context.ActiveProfiles] and class [com.roadking.congress.service.CongressServiceTest]
12:08:52.532 [Test worker] DEBUG org.springframework.context.annotation.ClassPathScanningCandidateComponentProvider - Identified candidate component class: file [/Users/anyone/Desktop/git/Congressman_Analysis/build/classes/java/main/com/roadking/congress/CongressApplication.class]
12:08:52.534 [Test worker] INFO org.springframework.boot.test.context.SpringBootTestContextBootstrapper - Found @SpringBootConfiguration com.roadking.congress.CongressApplication for test class com.roadking.congress.service.CongressServiceTest
12:08:52.676 [Test worker] DEBUG org.springframework.boot.test.context.SpringBootTestContextBootstrapper - @TestExecutionListeners is not present for class [com.roadking.congress.service.CongressServiceTest]: using defaults.
12:08:52.677 [Test worker] INFO org.springframework.boot.test.context.SpringBootTestContextBootstrapper - Loaded default TestExecutionListener class names from location [META-INF/spring.factories]: [org.springframework.boot.test.autoconfigure.restdocs.RestDocsTestExecutionListener, org.springframework.boot.test.autoconfigure.web.client.MockRestServiceServerResetTestExecutionListener, org.springframework.boot.test.autoconfigure.web.servlet.MockMvcPrintOnlyOnFailureTestExecutionListener, org.springframework.boot.test.autoconfigure.web.servlet.WebDriverTestExecutionListener, org.springframework.boot.test.autoconfigure.webservices.client.MockWebServiceServerTestExecutionListener, org.springframework.boot.test.mock.mockito.MockitoTestExecutionListener, org.springframework.boot.test.mock.mockito.ResetMocksTestExecutionListener, org.springframework.test.context.web.ServletTestExecutionListener, org.springframework.test.context.support.DirtiesContextBeforeModesTestExecutionListener, org.springframework.test.context.event.ApplicationEventsTestExecutionListener, org.springframework.test.context.support.DependencyInjectionTestExecutionListener, org.springframework.test.context.support.DirtiesContextTestExecutionListener, org.springframework.test.context.transaction.TransactionalTestExecutionListener, org.springframework.test.context.jdbc.SqlScriptsTestExecutionListener, org.springframework.test.context.event.EventPublishingTestExecutionListener]
12:08:52.761 [Test worker] INFO org.springframework.boot.test.context.SpringBootTestContextBootstrapper - Using TestExecutionListeners: [org.springframework.test.context.web.ServletTestExecutionListener@cc62a3b, org.springframework.test.context.support.DirtiesContextBeforeModesTestExecutionListener@6cc0bcf6, org.springframework.test.context.event.ApplicationEventsTestExecutionListener@29539e36, org.springframework.boot.test.mock.mockito.MockitoTestExecutionListener@32f61a31, org.springframework.boot.test.autoconfigure.SpringBootDependencyInjectionTestExecutionListener@f5c79a6, org.springframework.test.context.support.DirtiesContextTestExecutionListener@669253b7, org.springframework.test.context.transaction.TransactionalTestExecutionListener@5305c37d, org.springframework.test.context.jdbc.SqlScriptsTestExecutionListener@51a06cbe, org.springframework.test.context.event.EventPublishingTestExecutionListener@3dddbe65, org.springframework.boot.test.autoconfigure.restdocs.RestDocsTestExecutionListener@49a64d82, org.springframework.boot.test.autoconfigure.web.client.MockRestServiceServerResetTestExecutionListener@344561e0, org.springframework.boot.test.autoconfigure.web.servlet.MockMvcPrintOnlyOnFailureTestExecutionListener@66d23e4a, org.springframework.boot.test.autoconfigure.web.servlet.WebDriverTestExecutionListener@36ac8a63, org.springframework.boot.test.autoconfigure.webservices.client.MockWebServiceServerTestExecutionListener@4d9d1b69, org.springframework.boot.test.mock.mockito.ResetMocksTestExecutionListener@52c8295b]
12:08:52.769 [Test worker] DEBUG org.springframework.test.context.support.AbstractDirtiesContextTestExecutionListener - Before test class: context [DefaultTestContext@1d572e62 testClass = CongressServiceTest, testInstance = [null], testMethod = [null], testException = [null], mergedContextConfiguration = [WebMergedContextConfiguration@29caf222 testClass = CongressServiceTest, locations = '{}', classes = '{class com.roadking.congress.CongressApplication}', contextInitializerClasses = '[]', activeProfiles = '{}', propertySourceLocations = '{}', propertySourceProperties = '{org.springframework.boot.test.context.SpringBootTestContextBootstrapper=true}', contextCustomizers = set[org.springframework.boot.test.autoconfigure.actuate.metrics.MetricsExportContextCustomizerFactory$DisableMetricExportContextCustomizer@4b3a45f1, org.springframework.boot.test.autoconfigure.properties.PropertyMappingContextCustomizer@0, org.springframework.boot.test.autoconfigure.web.servlet.WebDriverContextCustomizerFactory$Customizer@1a7288a3, org.springframework.boot.test.context.filter.ExcludeFilterContextCustomizer@68b6f0d6, org.springframework.boot.test.json.DuplicateJsonObjectContextCustomizerFactory$DuplicateJsonObjectContextCustomizer@3b7ff809, org.springframework.boot.test.mock.mockito.MockitoContextCustomizer@0, org.springframework.boot.test.web.client.TestRestTemplateContextCustomizer@75390459, org.springframework.boot.test.context.SpringBootTestArgs@1, org.springframework.boot.test.context.SpringBootTestWebEnvironment@a8ef162], resourceBasePath = 'src/main/webapp', contextLoader = 'org.springframework.boot.test.context.SpringBootContextLoader', parent = [null]], attributes = map['org.springframework.test.context.web.ServletTestExecutionListener.activateListener' -> true]], class annotated with @DirtiesContext [false] with mode [null].

  .   ____          _            __ _ _
 /\\ / ___'_ __ _ _(_)_ __  __ _ \ \ \ \
( ( )\___ | '_ | '_| | '_ \/ _` | \ \ \ \
 \\/  ___)| |_)| | | | | || (_| |  ) ) ) )
  '  |____| .__|_| |_|_| |_\__, | / / / /
 =========|_|==============|___/=/_/_/_/
 :: Spring Boot ::                (v2.7.3)

2022-12-21 12:08:53.568  WARN 44945 --- [    Test worker] ory$DuplicateJsonObjectContextCustomizer : 

Found multiple occurrences of org.json.JSONObject on the class path:

	jar:file:/Users/anyone/.gradle/caches/modules-2/files-2.1/org.json/json/20220320/6df2c050972619466f6dcef7654ef9bcc01dfd0/json-20220320.jar!/org/json/JSONObject.class
	jar:file:/Users/anyone/.gradle/caches/modules-2/files-2.1/com.vaadin.external.google/android-json/0.0.20131108.vaadin1/fa26d351fe62a6a17f5cda1287c1c6110dec413f/android-json-0.0.20131108.vaadin1.jar!/org/json/JSONObject.class

You may wish to exclude one of them to ensure predictable runtime behavior

2022-12-21 12:08:53.598  INFO 44945 --- [    Test worker] c.r.c.service.CongressServiceTest        : Starting CongressServiceTest using Java 11.0.12 on noOne-MacBookAir.local with PID 44945 (started by anyone in /Users/anyone/Desktop/git/Congressman_Analysis)
2022-12-21 12:08:53.601  INFO 44945 --- [    Test worker] c.r.c.service.CongressServiceTest        : The following 1 profile is active: "test"
2022-12-21 12:08:55.069  INFO 44945 --- [    Test worker] .s.d.r.c.RepositoryConfigurationDelegate : Bootstrapping Spring Data JPA repositories in DEFAULT mode.
2022-12-21 12:08:55.093  INFO 44945 --- [    Test worker] .s.d.r.c.RepositoryConfigurationDelegate : Finished Spring Data repository scanning in 14 ms. Found 0 JPA repository interfaces.
2022-12-21 12:08:56.311  INFO 44945 --- [    Test worker] o.hibernate.jpa.internal.util.LogHelper  : HHH000204: Processing PersistenceUnitInfo [name: default]
2022-12-21 12:08:56.371  INFO 44945 --- [    Test worker] org.hibernate.Version                    : HHH000412: Hibernate ORM core version 5.6.10.Final
2022-12-21 12:08:56.660  INFO 44945 --- [    Test worker] o.hibernate.annotations.common.Version   : HCANN000001: Hibernate Commons Annotations {5.1.2.Final}
2022-12-21 12:08:56.780  INFO 44945 --- [    Test worker] com.zaxxer.hikari.HikariDataSource       : HikariPool-1 - Starting...
2022-12-21 12:08:58.129  INFO 44945 --- [    Test worker] com.zaxxer.hikari.HikariDataSource       : HikariPool-1 - Start completed.
2022-12-21 12:08:58.209  INFO 44945 --- [    Test worker] org.hibernate.dialect.Dialect            : HHH000400: Using dialect: org.hibernate.dialect.Oracle12cDialect
2022-12-21 12:08:59.381 DEBUG 44945 --- [    Test worker] org.hibernate.SQL                        : 
    
    drop table congressman cascade constraints
2022-12-21 12:08:59.511 DEBUG 44945 --- [    Test worker] org.hibernate.SQL                        : 
    
    drop table sns cascade constraints
2022-12-21 12:08:59.553 DEBUG 44945 --- [    Test worker] org.hibernate.SQL                        : 
    
    drop sequence hibernate_sequence
2022-12-21 12:08:59.575 DEBUG 44945 --- [    Test worker] org.hibernate.SQL                        : create sequence hibernate_sequence start with 1 increment by  1
2022-12-21 12:08:59.594 DEBUG 44945 --- [    Test worker] org.hibernate.SQL                        : 
    
    create table congressman (
       congressman_id number(19,0) not null,
        assem_addr varchar2(255 char),
        bth_date varchar2(255 char),
        bth_gbn_nm varchar2(255 char),
        cmit_nm varchar2(255 char),
        cmits varchar2(255 char),
        elect_gbn_nm varchar2(255 char),
        email varchar2(255 char),
        en_name varchar2(255 char),
        hj_name varchar2(255 char),
        homepage varchar2(255 char),
        job_res_nm varchar2(255 char),
        mem_title varchar2(255 char),
        mona_cd varchar2(255 char),
        name varchar2(255 char),
        orig_nm varchar2(255 char),
        poly_nm varchar2(255 char),
        reele_gbn_nm varchar2(255 char),
        secretary varchar2(255 char),
        secretary2 varchar2(255 char),
        sex varchar2(255 char),
        similar_view number(10,0) not null,
        staff varchar2(255 char),
        tel_no varchar2(255 char),
        units varchar2(255 char),
        view_cnt number(10,0) not null,
        sns_id number(19,0),
        primary key (congressman_id)
    )
2022-12-21 12:08:59.788 DEBUG 44945 --- [    Test worker] org.hibernate.SQL                        : 
    
    create table sns (
       sns_id number(19,0) not null,
        blog_url varchar2(255 char),
        facebook_url varchar2(255 char),
        mona_cd varchar2(255 char),
        name varchar2(255 char),
        twitter_url varchar2(255 char),
        utube_url varchar2(255 char),
        primary key (sns_id)
    )
2022-12-21 12:08:59.817 DEBUG 44945 --- [    Test worker] org.hibernate.SQL                        : 
    
    alter table congressman 
       add constraint FKcg0k80wdkynstcpll164966w3 
       foreign key (sns_id) 
       references sns
2022-12-21 12:08:59.864  INFO 44945 --- [    Test worker] o.h.e.t.j.p.i.JtaPlatformInitiator       : HHH000490: Using JtaPlatform implementation: [org.hibernate.engine.transaction.jta.platform.internal.NoJtaPlatform]
2022-12-21 12:08:59.884  INFO 44945 --- [    Test worker] j.LocalContainerEntityManagerFactoryBean : Initialized JPA EntityManagerFactory for persistence unit 'default'
2022-12-21 12:09:00.799  WARN 44945 --- [    Test worker] JpaBaseConfiguration$JpaWebConfiguration : spring.jpa.open-in-view is enabled by default. Therefore, database queries may be performed during view rendering. Explicitly configure spring.jpa.open-in-view to disable this warning
2022-12-21 12:09:02.000  INFO 44945 --- [    Test worker] c.r.c.service.CongressServiceTest        : Started CongressServiceTest in 9.158 seconds (JVM running for 11.224)
2022-12-21 12:09:02.134  INFO 44945 --- [    Test worker] o.s.t.c.transaction.TransactionContext   : Began transaction (1) for test context [DefaultTestContext@1d572e62 testClass = CongressServiceTest, testInstance = com.roadking.congress.service.CongressServiceTest@7ffb0bb4, testMethod = 뷰_카운트@CongressServiceTest, testException = [null], mergedContextConfiguration = [WebMergedContextConfiguration@29caf222 testClass = CongressServiceTest, locations = '{}', classes = '{class com.roadking.congress.CongressApplication}', contextInitializerClasses = '[]', activeProfiles = '{}', propertySourceLocations = '{}', propertySourceProperties = '{org.springframework.boot.test.context.SpringBootTestContextBootstrapper=true}', contextCustomizers = set[org.springframework.boot.test.autoconfigure.actuate.metrics.MetricsExportContextCustomizerFactory$DisableMetricExportContextCustomizer@4b3a45f1, org.springframework.boot.test.autoconfigure.properties.PropertyMappingContextCustomizer@0, org.springframework.boot.test.autoconfigure.web.servlet.WebDriverContextCustomizerFactory$Customizer@1a7288a3, org.springframework.boot.test.context.filter.ExcludeFilterContextCustomizer@68b6f0d6, org.springframework.boot.test.json.DuplicateJsonObjectContextCustomizerFactory$DuplicateJsonObjectContextCustomizer@3b7ff809, org.springframework.boot.test.mock.mockito.MockitoContextCustomizer@0, org.springframework.boot.test.web.client.TestRestTemplateContextCustomizer@75390459, org.springframework.boot.test.context.SpringBootTestArgs@1, org.springframework.boot.test.context.SpringBootTestWebEnvironment@a8ef162], resourceBasePath = 'src/main/webapp', contextLoader = 'org.springframework.boot.test.context.SpringBootContextLoader', parent = [null]], attributes = map['org.springframework.test.context.web.ServletTestExecutionListener.activateListener' -> true, 'org.springframework.test.context.web.ServletTestExecutionListener.populatedRequestContextHolder' -> true, 'org.springframework.test.context.web.ServletTestExecutionListener.resetRequestContextHolder' -> true, 'org.springframework.test.context.event.ApplicationEventsTestExecutionListener.recordApplicationEvents' -> false]]; transaction manager [org.springframework.orm.jpa.JpaTransactionManager@1d0acb8f]; rollback [true]
2022-12-21 12:09:02.313 DEBUG 44945 --- [    Test worker] org.hibernate.SQL                        : 
    select
        hibernate_sequence.nextval 
    from
        dual
2022-12-21 12:09:02.553 DEBUG 44945 --- [    Test worker] org.hibernate.SQL                        : 
    insert 
    into
        congressman
        (assem_addr, bth_date, bth_gbn_nm, cmit_nm, cmits, elect_gbn_nm, email, en_name, hj_name, homepage, job_res_nm, mem_title, mona_cd, name, orig_nm, poly_nm, reele_gbn_nm, secretary, secretary2, sex, similar_view, sns_id, staff, tel_no, units, view_cnt, congressman_id) 
    values
        (?, ?, ?, ?, ?, ?, ?, ?, ?, ?, ?, ?, ?, ?, ?, ?, ?, ?, ?, ?, ?, ?, ?, ?, ?, ?, ?)
2022-12-21 12:09:02.674 DEBUG 44945 --- [    Test worker] org.hibernate.SQL                        : 
    update
        congressman 
    set
        assem_addr=?,
        bth_date=?,
        bth_gbn_nm=?,
        cmit_nm=?,
        cmits=?,
        elect_gbn_nm=?,
        email=?,
        en_name=?,
        hj_name=?,
        homepage=?,
        job_res_nm=?,
        mem_title=?,
        mona_cd=?,
        name=?,
        orig_nm=?,
        poly_nm=?,
        reele_gbn_nm=?,
        secretary=?,
        secretary2=?,
        sex=?,
        similar_view=?,
        sns_id=?,
        staff=?,
        tel_no=?,
        units=?,
        view_cnt=? 
    where
        congressman_id=?
2022-12-21 12:09:02.723 DEBUG 44945 --- [    Test worker] org.hibernate.SQL                        : 
    select
        congressma0_.view_cnt as col_0_0_ 
    from
        congressman congressma0_ 
    where
        congressma0_.name=?
2022-12-21 12:09:02.826  INFO 44945 --- [    Test worker] o.s.t.c.transaction.TransactionContext   : Rolled back transaction for test: [DefaultTestContext@1d572e62 testClass = CongressServiceTest, testInstance = com.roadking.congress.service.CongressServiceTest@7ffb0bb4, testMethod = 뷰_카운트@CongressServiceTest, testException = [null], mergedContextConfiguration = [WebMergedContextConfiguration@29caf222 testClass = CongressServiceTest, locations = '{}', classes = '{class com.roadking.congress.CongressApplication}', contextInitializerClasses = '[]', activeProfiles = '{}', propertySourceLocations = '{}', propertySourceProperties = '{org.springframework.boot.test.context.SpringBootTestContextBootstrapper=true}', contextCustomizers = set[org.springframework.boot.test.autoconfigure.actuate.metrics.MetricsExportContextCustomizerFactory$DisableMetricExportContextCustomizer@4b3a45f1, org.springframework.boot.test.autoconfigure.properties.PropertyMappingContextCustomizer@0, org.springframework.boot.test.autoconfigure.web.servlet.WebDriverContextCustomizerFactory$Customizer@1a7288a3, org.springframework.boot.test.context.filter.ExcludeFilterContextCustomizer@68b6f0d6, org.springframework.boot.test.json.DuplicateJsonObjectContextCustomizerFactory$DuplicateJsonObjectContextCustomizer@3b7ff809, org.springframework.boot.test.mock.mockito.MockitoContextCustomizer@0, org.springframework.boot.test.web.client.TestRestTemplateContextCustomizer@75390459, org.springframework.boot.test.context.SpringBootTestArgs@1, org.springframework.boot.test.context.SpringBootTestWebEnvironment@a8ef162], resourceBasePath = 'src/main/webapp', contextLoader = 'org.springframework.boot.test.context.SpringBootContextLoader', parent = [null]], attributes = map['org.springframework.test.context.web.ServletTestExecutionListener.activateListener' -> true, 'org.springframework.test.context.web.ServletTestExecutionListener.populatedRequestContextHolder' -> true, 'org.springframework.test.context.web.ServletTestExecutionListener.resetRequestContextHolder' -> true, 'org.springframework.test.context.event.ApplicationEventsTestExecutionListener.recordApplicationEvents' -> false]]
]]></system-out>
  <system-err><![CDATA[]]></system-err>
</testsuite>
